0 info it worked if it ends with ok
1 verbose cli [ 'node', '/usr/local/bin/npm', 'install', '-g', 'yo' ]
2 info using npm@1.3.14
3 info using node@v0.10.22
4 verbose cache add [ 'yo', null ]
5 verbose cache add name=undefined spec="yo" args=["yo",null]
6 verbose parsed url { protocol: null,
6 verbose parsed url   slashes: null,
6 verbose parsed url   auth: null,
6 verbose parsed url   host: null,
6 verbose parsed url   port: null,
6 verbose parsed url   hostname: null,
6 verbose parsed url   hash: null,
6 verbose parsed url   search: null,
6 verbose parsed url   query: null,
6 verbose parsed url   pathname: 'yo',
6 verbose parsed url   path: 'yo',
6 verbose parsed url   href: 'yo' }
7 silly lockFile c41975d1-yo yo
8 verbose lock yo /Users/eanplatter/.npm/c41975d1-yo.lock
9 silly lockFile c41975d1-yo yo
10 silly lockFile c41975d1-yo yo
11 verbose addNamed [ 'yo', '' ]
12 verbose addNamed [ null, '*' ]
13 silly lockFile d937c28e-yo yo@
14 verbose lock yo@ /Users/eanplatter/.npm/d937c28e-yo.lock
15 silly addNameRange { name: 'yo', range: '*', hasData: false }
16 verbose url raw yo
17 verbose url resolving [ 'https://registry.npmjs.org/', './yo' ]
18 verbose url resolved https://registry.npmjs.org/yo
19 info trying registry request attempt 1 at 12:51:15
20 http GET https://registry.npmjs.org/yo
21 http 200 https://registry.npmjs.org/yo
22 silly registry.get cb [ 200,
22 silly registry.get   { date: 'Fri, 11 Jul 2014 18:51:16 GMT',
22 silly registry.get     server: 'CouchDB/1.5.0 (Erlang OTP/R16B03)',
22 silly registry.get     etag: '"627X42GZVQ86RTCITX0A0MFWX"',
22 silly registry.get     'content-type': 'application/json',
22 silly registry.get     'cache-control': 'max-age=30',
22 silly registry.get     'content-length': '40275',
22 silly registry.get     'accept-ranges': 'bytes',
22 silly registry.get     via: '1.1 varnish',
22 silly registry.get     age: '191',
22 silly registry.get     'x-served-by': 'cache-lax1423-LAX',
22 silly registry.get     'x-cache': 'HIT',
22 silly registry.get     'x-cache-hits': '1',
22 silly registry.get     'x-timer': 'S1405104676.259462,VS0,VE36',
22 silly registry.get     vary: 'Accept',
22 silly registry.get     'keep-alive': 'timeout=10, max=50',
22 silly registry.get     connection: 'Keep-Alive' } ]
23 silly addNameRange number 2 { name: 'yo', range: '*', hasData: true }
24 silly addNameRange versions [ 'yo',
24 silly addNameRange   [ '1.0.0-beta.1',
24 silly addNameRange     '1.0.0-beta.2',
24 silly addNameRange     '1.0.0-beta.3',
24 silly addNameRange     '1.0.0-beta.4',
24 silly addNameRange     '1.0.0-beta.5',
24 silly addNameRange     '1.0.0-beta.6',
24 silly addNameRange     '1.0.0-beta.7',
24 silly addNameRange     '1.0.0-rc.1',
24 silly addNameRange     '1.0.0-rc.1.1',
24 silly addNameRange     '1.0.0-rc.1.2',
24 silly addNameRange     '1.0.0-rc.1.3',
24 silly addNameRange     '1.0.0-rc.1.4',
24 silly addNameRange     '1.0.0',
24 silly addNameRange     '1.0.1',
24 silly addNameRange     '1.0.2',
24 silly addNameRange     '1.0.3',
24 silly addNameRange     '1.0.4',
24 silly addNameRange     '1.0.5',
24 silly addNameRange     '1.0.6',
24 silly addNameRange     '1.0.7-pre.1',
24 silly addNameRange     '1.0.7-pre.2',
24 silly addNameRange     '1.0.7-pre.3',
24 silly addNameRange     '1.1.0',
24 silly addNameRange     '1.1.1',
24 silly addNameRange     '1.1.2' ] ]
25 verbose addNamed [ 'yo', '1.1.2' ]
26 verbose addNamed [ '1.1.2', '1.1.2' ]
27 silly lockFile c4df5c1e-yo-1-1-2 yo@1.1.2
28 verbose lock yo@1.1.2 /Users/eanplatter/.npm/c4df5c1e-yo-1-1-2.lock
29 silly lockFile b65dd06a-gistry-npmjs-org-yo-yo-1-1-2-tgz https://registry.npmjs.org/yo/-/yo-1.1.2.tgz
30 verbose lock https://registry.npmjs.org/yo/-/yo-1.1.2.tgz /Users/eanplatter/.npm/b65dd06a-gistry-npmjs-org-yo-yo-1-1-2-tgz.lock
31 verbose addRemoteTarball [ 'https://registry.npmjs.org/yo/-/yo-1.1.2.tgz',
31 verbose addRemoteTarball   'a0d4da72e83fa0e0dbfe1d0ba258881b240ab854' ]
32 info retry fetch attempt 1 at 12:51:16
33 verbose fetch to= /var/folders/6b/znbd8wj504sfzq267zv7wjyw0000gn/T/npm-83709-njx5uev5/1405104676525-0.07712827157229185/tmp.tgz
34 http GET https://registry.npmjs.org/yo/-/yo-1.1.2.tgz
35 http 200 https://registry.npmjs.org/yo/-/yo-1.1.2.tgz
36 verbose tar unpack /var/folders/6b/znbd8wj504sfzq267zv7wjyw0000gn/T/npm-83709-njx5uev5/1405104676525-0.07712827157229185/tmp.tgz
37 silly lockFile d4853207-6525-0-07712827157229185-package tar:///var/folders/6b/znbd8wj504sfzq267zv7wjyw0000gn/T/npm-83709-njx5uev5/1405104676525-0.07712827157229185/package
38 verbose lock tar:///var/folders/6b/znbd8wj504sfzq267zv7wjyw0000gn/T/npm-83709-njx5uev5/1405104676525-0.07712827157229185/package /Users/eanplatter/.npm/d4853207-6525-0-07712827157229185-package.lock
39 silly lockFile 07c17e9b-6525-0-07712827157229185-tmp-tgz tar:///var/folders/6b/znbd8wj504sfzq267zv7wjyw0000gn/T/npm-83709-njx5uev5/1405104676525-0.07712827157229185/tmp.tgz
40 verbose lock tar:///var/folders/6b/znbd8wj504sfzq267zv7wjyw0000gn/T/npm-83709-njx5uev5/1405104676525-0.07712827157229185/tmp.tgz /Users/eanplatter/.npm/07c17e9b-6525-0-07712827157229185-tmp-tgz.lock
41 silly gunzTarPerm modes [ '755', '644' ]
42 silly gunzTarPerm extractEntry package.json
43 silly gunzTarPerm extractEntry cli.js
44 silly gunzTarPerm extractEntry yoyo.js
45 silly gunzTarPerm extractEntry readme.md
46 silly gunzTarPerm extractEntry scripts/doctor.js
47 silly gunzTarPerm extractEntry yeoman.txt
48 silly lockFile d4853207-6525-0-07712827157229185-package tar:///var/folders/6b/znbd8wj504sfzq267zv7wjyw0000gn/T/npm-83709-njx5uev5/1405104676525-0.07712827157229185/package
49 silly lockFile d4853207-6525-0-07712827157229185-package tar:///var/folders/6b/znbd8wj504sfzq267zv7wjyw0000gn/T/npm-83709-njx5uev5/1405104676525-0.07712827157229185/package
50 silly lockFile 07c17e9b-6525-0-07712827157229185-tmp-tgz tar:///var/folders/6b/znbd8wj504sfzq267zv7wjyw0000gn/T/npm-83709-njx5uev5/1405104676525-0.07712827157229185/tmp.tgz
51 silly lockFile 07c17e9b-6525-0-07712827157229185-tmp-tgz tar:///var/folders/6b/znbd8wj504sfzq267zv7wjyw0000gn/T/npm-83709-njx5uev5/1405104676525-0.07712827157229185/tmp.tgz
52 verbose tar pack [ '/Users/eanplatter/.npm/yo/1.1.2/package.tgz',
52 verbose tar pack   '/var/folders/6b/znbd8wj504sfzq267zv7wjyw0000gn/T/npm-83709-njx5uev5/1405104676525-0.07712827157229185/package' ]
53 verbose tarball /Users/eanplatter/.npm/yo/1.1.2/package.tgz
54 verbose folder /var/folders/6b/znbd8wj504sfzq267zv7wjyw0000gn/T/npm-83709-njx5uev5/1405104676525-0.07712827157229185/package
55 silly lockFile d4853207-6525-0-07712827157229185-package tar:///var/folders/6b/znbd8wj504sfzq267zv7wjyw0000gn/T/npm-83709-njx5uev5/1405104676525-0.07712827157229185/package
56 verbose lock tar:///var/folders/6b/znbd8wj504sfzq267zv7wjyw0000gn/T/npm-83709-njx5uev5/1405104676525-0.07712827157229185/package /Users/eanplatter/.npm/d4853207-6525-0-07712827157229185-package.lock
57 silly lockFile 675a84b1-platter-npm-yo-1-1-2-package-tgz tar:///Users/eanplatter/.npm/yo/1.1.2/package.tgz
58 verbose lock tar:///Users/eanplatter/.npm/yo/1.1.2/package.tgz /Users/eanplatter/.npm/675a84b1-platter-npm-yo-1-1-2-package-tgz.lock
59 silly lockFile d4853207-6525-0-07712827157229185-package tar:///var/folders/6b/znbd8wj504sfzq267zv7wjyw0000gn/T/npm-83709-njx5uev5/1405104676525-0.07712827157229185/package
60 silly lockFile d4853207-6525-0-07712827157229185-package tar:///var/folders/6b/znbd8wj504sfzq267zv7wjyw0000gn/T/npm-83709-njx5uev5/1405104676525-0.07712827157229185/package
61 silly lockFile 675a84b1-platter-npm-yo-1-1-2-package-tgz tar:///Users/eanplatter/.npm/yo/1.1.2/package.tgz
62 silly lockFile 675a84b1-platter-npm-yo-1-1-2-package-tgz tar:///Users/eanplatter/.npm/yo/1.1.2/package.tgz
63 silly lockFile 7b36b55b--eanplatter-npm-yo-1-1-2-package /Users/eanplatter/.npm/yo/1.1.2/package
64 verbose lock /Users/eanplatter/.npm/yo/1.1.2/package /Users/eanplatter/.npm/7b36b55b--eanplatter-npm-yo-1-1-2-package.lock
65 silly lockFile 7b36b55b--eanplatter-npm-yo-1-1-2-package /Users/eanplatter/.npm/yo/1.1.2/package
66 silly lockFile 7b36b55b--eanplatter-npm-yo-1-1-2-package /Users/eanplatter/.npm/yo/1.1.2/package
67 verbose tar unpack /Users/eanplatter/.npm/yo/1.1.2/package.tgz
68 silly lockFile 83a203f4--eanplatter-npm-yo-1-1-2-package tar:///Users/eanplatter/.npm/yo/1.1.2/package
69 verbose lock tar:///Users/eanplatter/.npm/yo/1.1.2/package /Users/eanplatter/.npm/83a203f4--eanplatter-npm-yo-1-1-2-package.lock
70 silly lockFile 675a84b1-platter-npm-yo-1-1-2-package-tgz tar:///Users/eanplatter/.npm/yo/1.1.2/package.tgz
71 verbose lock tar:///Users/eanplatter/.npm/yo/1.1.2/package.tgz /Users/eanplatter/.npm/675a84b1-platter-npm-yo-1-1-2-package-tgz.lock
72 silly gunzTarPerm modes [ '755', '644' ]
73 silly gunzTarPerm extractEntry package.json
74 silly gunzTarPerm extractEntry cli.js
75 silly gunzTarPerm extractEntry yoyo.js
76 silly gunzTarPerm extractEntry readme.md
77 silly gunzTarPerm extractEntry scripts/doctor.js
78 silly gunzTarPerm extractEntry yeoman.txt
79 silly lockFile 83a203f4--eanplatter-npm-yo-1-1-2-package tar:///Users/eanplatter/.npm/yo/1.1.2/package
80 silly lockFile 83a203f4--eanplatter-npm-yo-1-1-2-package tar:///Users/eanplatter/.npm/yo/1.1.2/package
81 silly lockFile 675a84b1-platter-npm-yo-1-1-2-package-tgz tar:///Users/eanplatter/.npm/yo/1.1.2/package.tgz
82 silly lockFile 675a84b1-platter-npm-yo-1-1-2-package-tgz tar:///Users/eanplatter/.npm/yo/1.1.2/package.tgz
83 verbose chmod /Users/eanplatter/.npm/yo/1.1.2/package.tgz 644
84 verbose chown /Users/eanplatter/.npm/yo/1.1.2/package.tgz [ 501, 20 ]
85 silly lockFile b65dd06a-gistry-npmjs-org-yo-yo-1-1-2-tgz https://registry.npmjs.org/yo/-/yo-1.1.2.tgz
86 silly lockFile b65dd06a-gistry-npmjs-org-yo-yo-1-1-2-tgz https://registry.npmjs.org/yo/-/yo-1.1.2.tgz
87 silly lockFile c4df5c1e-yo-1-1-2 yo@1.1.2
88 silly lockFile c4df5c1e-yo-1-1-2 yo@1.1.2
89 silly lockFile d937c28e-yo yo@
90 silly lockFile d937c28e-yo yo@
91 silly resolved [ { name: 'yo',
91 silly resolved     version: '1.1.2',
91 silly resolved     description: 'CLI tool for scaffolding out Yeoman projects',
91 silly resolved     license: 'MIT',
91 silly resolved     bin: { yo: 'cli.js' },
91 silly resolved     repository: { type: 'git', url: 'git://github.com/yeoman/yo' },
91 silly resolved     homepage: 'http://yeoman.io',
91 silly resolved     author: { name: 'Chrome Developer Relations' },
91 silly resolved     engines: { node: '>=0.8.0', npm: '>=1.2.10' },
91 silly resolved     scripts:
91 silly resolved      { test: 'grunt',
91 silly resolved        postinstall: 'node ./scripts/doctor',
91 silly resolved        postupdate: 'node ./scripts/doctor' },
91 silly resolved     files: [ 'cli.js', 'yoyo.js', 'yeoman.txt', 'scripts/' ],
91 silly resolved     keywords:
91 silly resolved      [ 'front-end',
91 silly resolved        'development',
91 silly resolved        'dev',
91 silly resolved        'build',
91 silly resolved        'web',
91 silly resolved        'tool',
91 silly resolved        'cli',
91 silly resolved        'scaffold',
91 silly resolved        'stack' ],
91 silly resolved     dependencies:
91 silly resolved      { 'yeoman-generator': '~0.16.0',
91 silly resolved        nopt: '~2.1.1',
91 silly resolved        lodash: '~2.4.1',
91 silly resolved        'update-notifier': '~0.1.3',
91 silly resolved        insight: '~0.3.0',
91 silly resolved        'sudo-block': '~0.3.0',
91 silly resolved        async: '~0.2.9',
91 silly resolved        open: '0.0.4',
91 silly resolved        chalk: '~0.4.0',
91 silly resolved        findup: '~0.1.3',
91 silly resolved        shelljs: '~0.2.6' },
91 silly resolved     peerDependencies: { 'grunt-cli': '~0.1.7', bower: '>=0.9.0' },
91 silly resolved     devDependencies:
91 silly resolved      { grunt: '~0.4.2',
91 silly resolved        mockery: '~1.4.0',
91 silly resolved        'grunt-contrib-jshint': '~0.8.0',
91 silly resolved        'grunt-contrib-watch': '~0.5.3',
91 silly resolved        'grunt-mocha-test': '~0.8.1' },
91 silly resolved     engineStrict: true,
91 silly resolved     preferGlobal: true,
91 silly resolved     readme: '# yo [![Build Status](https://secure.travis-ci.org/yeoman/yo.png?branch=master)](http://travis-ci.org/yeoman/yo)\n\nCLI tool for scaffolding out [Yeoman](https://github.com/yeoman/yeoman) projects.\n\n![](screenshot.png)\n\n\n## [Documentation](https://github.com/yeoman/yeoman/wiki)\n\n\n## Options\n\n- `--no-color` flag to disable colors.\n\n- `--[no-]insight` to toggle anonymous [Insight](https://github.com/yeoman/insight) tracking which helps us improve Yeoman. Using either of these flags on the first run will prevent you from being prompted about it interactively. The flags can also be used to change it later on.\n\n\n## Troubleshooting\n\nRunning `yo doctor` command can help you troubleshoot common issues.\n\nIf `doctor` doesn\'t help, then check opened issues for a similar problem. Open a new issue if your problem haven\'t been reported yet. Make sure to always include the version of `yo` (`yo --version`) and Node.js (`node --version`) you use.\n\nIf your issue only occur using a generator, please report the issues on the generator\'s repository.\n\n## Contribute\n\nSee the [contributing docs](https://github.com/yeoman/yeoman/blob/master/contributing.md).\n\n\n## License\n\n[BSD license](http://opensource.org/licenses/bsd-license.php) and copyright Google.\n',
91 silly resolved     readmeFilename: 'readme.md',
91 silly resolved     bugs: { url: 'https://github.com/yeoman/yo/issues' },
91 silly resolved     _id: 'yo@1.1.2',
91 silly resolved     dist: { shasum: 'a0d4da72e83fa0e0dbfe1d0ba258881b240ab854' },
91 silly resolved     _from: 'yo@',
91 silly resolved     _resolved: 'https://registry.npmjs.org/yo/-/yo-1.1.2.tgz' } ]
92 info install yo@1.1.2 into /usr/local/lib
93 info installOne yo@1.1.2
94 info /usr/local/lib/node_modules/yo unbuild
95 info preuninstall yo@1.1.2
96 info uninstall yo@1.1.2
97 verbose true,/usr/local/lib/node_modules,/usr/local/lib/node_modules unbuild yo@1.1.2
98 verbose /usr/local/bin,[object Object] binRoot
99 info postuninstall yo@1.1.2
100 info /usr/local/lib/node_modules/yo unbuild
101 info preuninstall yo@1.1.2
102 info uninstall yo@1.1.2
103 verbose true,/usr/local/lib/node_modules,/usr/local/lib/node_modules unbuild yo@1.1.2
104 verbose /usr/local/bin,[object Object] binRoot
105 info postuninstall yo@1.1.2
106 error error rolling back Error: EACCES, unlink '/usr/local/lib/node_modules/yo'
106 error error rolling back  yo@1.1.2 { [Error: EACCES, unlink '/usr/local/lib/node_modules/yo']
106 error error rolling back   errno: 3,
106 error error rolling back   code: 'EACCES',
106 error error rolling back   path: '/usr/local/lib/node_modules/yo' }
107 error Error: EACCES, unlink '/usr/local/lib/node_modules/yo'
107 error  { [Error: EACCES, unlink '/usr/local/lib/node_modules/yo']
107 error   errno: 3,
107 error   code: 'EACCES',
107 error   path: '/usr/local/lib/node_modules/yo' }
108 error Please try running this command again as root/Administrator.
109 error System Darwin 13.2.0
110 error command "node" "/usr/local/bin/npm" "install" "-g" "yo"
111 error cwd /Users/eanplatter/Desktop/devmountain/jqueryPractice/twitter-clone
112 error node -v v0.10.22
113 error npm -v 1.3.14
114 error path /usr/local/lib/node_modules/yo
115 error code EACCES
116 error errno 3
117 error stack Error: EACCES, unlink '/usr/local/lib/node_modules/yo'
118 verbose exit [ 3, true ]
